{"total": {"lines":{"total":5827,"covered":4769,"skipped":0,"pct":81.84},"statements":{"total":5827,"covered":4769,"skipped":0,"pct":81.84},"functions":{"total":296,"covered":226,"skipped":0,"pct":76.35},"branches":{"total":682,"covered":576,"skipped":0,"pct":84.45},"branchesTrue":{"total":0,"covered":0,"skipped":0,"pct":100}}
,"/Users/phammanh/Projects/SelfProjects/EzForm/ez-form/packages/core/src/Field.ts": {"lines":{"total":85,"covered":71,"skipped":0,"pct":83.52},"functions":{"total":4,"covered":3,"skipped":0,"pct":75},"statements":{"total":85,"covered":71,"skipped":0,"pct":83.52},"branches":{"total":14,"covered":9,"skipped":0,"pct":64.28}}
,"/Users/phammanh/Projects/SelfProjects/EzForm/ez-form/packages/core/src/FieldArray.ts": {"lines":{"total":247,"covered":232,"skipped":0,"pct":93.92},"functions":{"total":16,"covered":15,"skipped":0,"pct":93.75},"statements":{"total":247,"covered":232,"skipped":0,"pct":93.92},"branches":{"total":32,"covered":30,"skipped":0,"pct":93.75}}
,"/Users/phammanh/Projects/SelfProjects/EzForm/ez-form/packages/core/src/FieldBase.ts": {"lines":{"total":227,"covered":208,"skipped":0,"pct":91.62},"functions":{"total":12,"covered":11,"skipped":0,"pct":91.66},"statements":{"total":227,"covered":208,"skipped":0,"pct":91.62},"branches":{"total":40,"covered":33,"skipped":0,"pct":82.5}}
,"/Users/phammanh/Projects/SelfProjects/EzForm/ez-form/packages/core/src/Form.ts": {"lines":{"total":387,"covered":328,"skipped":0,"pct":84.75},"functions":{"total":22,"covered":18,"skipped":0,"pct":81.81},"statements":{"total":387,"covered":328,"skipped":0,"pct":84.75},"branches":{"total":45,"covered":35,"skipped":0,"pct":77.77}}
,"/Users/phammanh/Projects/SelfProjects/EzForm/ez-form/packages/core/src/GlobalInstances.ts": {"lines":{"total":110,"covered":110,"skipped":0,"pct":100},"functions":{"total":10,"covered":10,"skipped":0,"pct":100},"statements":{"total":110,"covered":110,"skipped":0,"pct":100},"branches":{"total":20,"covered":17,"skipped":0,"pct":85}}
,"/Users/phammanh/Projects/SelfProjects/EzForm/ez-form/packages/core/src/globalInstances.utils.ts": {"lines":{"total":51,"covered":51,"skipped":0,"pct":100},"functions":{"total":4,"covered":4,"skipped":0,"pct":100},"statements":{"total":51,"covered":51,"skipped":0,"pct":100},"branches":{"total":12,"covered":12,"skipped":0,"pct":100}}
,"/Users/phammanh/Projects/SelfProjects/EzForm/ez-form/packages/core/src/index.ts": {"lines":{"total":10,"covered":0,"skipped":0,"pct":0},"functions":{"total":1,"covered":0,"skipped":0,"pct":0},"statements":{"total":10,"covered":0,"skipped":0,"pct":0},"branches":{"total":1,"covered":0,"skipped":0,"pct":0}}
,"/Users/phammanh/Projects/SelfProjects/EzForm/ez-form/packages/core/src/models/Base.ts": {"lines":{"total":6,"covered":0,"skipped":0,"pct":0},"functions":{"total":1,"covered":0,"skipped":0,"pct":0},"statements":{"total":6,"covered":0,"skipped":0,"pct":0},"branches":{"total":1,"covered":0,"skipped":0,"pct":0}}
,"/Users/phammanh/Projects/SelfProjects/EzForm/ez-form/packages/core/src/models/Field.ts": {"lines":{"total":34,"covered":0,"skipped":0,"pct":0},"functions":{"total":1,"covered":0,"skipped":0,"pct":0},"statements":{"total":34,"covered":0,"skipped":0,"pct":0},"branches":{"total":1,"covered":0,"skipped":0,"pct":0}}
,"/Users/phammanh/Projects/SelfProjects/EzForm/ez-form/packages/core/src/models/Form.ts": {"lines":{"total":28,"covered":0,"skipped":0,"pct":0},"functions":{"total":1,"covered":0,"skipped":0,"pct":0},"statements":{"total":28,"covered":0,"skipped":0,"pct":0},"branches":{"total":1,"covered":0,"skipped":0,"pct":0}}
,"/Users/phammanh/Projects/SelfProjects/EzForm/ez-form/packages/core/src/models/Utilities.ts": {"lines":{"total":33,"covered":0,"skipped":0,"pct":0},"functions":{"total":1,"covered":0,"skipped":0,"pct":0},"statements":{"total":33,"covered":0,"skipped":0,"pct":0},"branches":{"total":1,"covered":0,"skipped":0,"pct":0}}
,"/Users/phammanh/Projects/SelfProjects/EzForm/ez-form/packages/core/src/models/Validation.ts": {"lines":{"total":16,"covered":0,"skipped":0,"pct":0},"functions":{"total":1,"covered":0,"skipped":0,"pct":0},"statements":{"total":16,"covered":0,"skipped":0,"pct":0},"branches":{"total":1,"covered":0,"skipped":0,"pct":0}}
,"/Users/phammanh/Projects/SelfProjects/EzForm/ez-form/packages/core/src/models/index.ts": {"lines":{"total":5,"covered":0,"skipped":0,"pct":0},"functions":{"total":1,"covered":0,"skipped":0,"pct":0},"statements":{"total":5,"covered":0,"skipped":0,"pct":0},"branches":{"total":1,"covered":0,"skipped":0,"pct":0}}
,"/Users/phammanh/Projects/SelfProjects/EzForm/ez-form/packages/core/src/utilities/EventListenersManager.ts": {"lines":{"total":61,"covered":57,"skipped":0,"pct":93.44},"functions":{"total":6,"covered":6,"skipped":0,"pct":100},"statements":{"total":61,"covered":57,"skipped":0,"pct":93.44},"branches":{"total":16,"covered":13,"skipped":0,"pct":81.25}}
,"/Users/phammanh/Projects/SelfProjects/EzForm/ez-form/packages/core/src/utilities/array.ts": {"lines":{"total":3,"covered":3,"skipped":0,"pct":100},"functions":{"total":0,"covered":0,"skipped":0,"pct":100},"statements":{"total":3,"covered":3,"skipped":0,"pct":100},"branches":{"total":2,"covered":2,"skipped":0,"pct":100}}
,"/Users/phammanh/Projects/SelfProjects/EzForm/ez-form/packages/core/src/utilities/index.ts": {"lines":{"total":3,"covered":3,"skipped":0,"pct":100},"functions":{"total":0,"covered":0,"skipped":0,"pct":100},"statements":{"total":3,"covered":3,"skipped":0,"pct":100},"branches":{"total":2,"covered":2,"skipped":0,"pct":100}}
,"/Users/phammanh/Projects/SelfProjects/EzForm/ez-form/packages/core/src/utilities/mixed.ts": {"lines":{"total":39,"covered":39,"skipped":0,"pct":100},"functions":{"total":3,"covered":3,"skipped":0,"pct":100},"statements":{"total":39,"covered":39,"skipped":0,"pct":100},"branches":{"total":16,"covered":13,"skipped":0,"pct":81.25}}
,"/Users/phammanh/Projects/SelfProjects/EzForm/ez-form/packages/core/src/utilities/object.ts": {"lines":{"total":150,"covered":136,"skipped":0,"pct":90.66},"functions":{"total":12,"covered":10,"skipped":0,"pct":83.33},"statements":{"total":150,"covered":136,"skipped":0,"pct":90.66},"branches":{"total":34,"covered":29,"skipped":0,"pct":85.29}}
,"/Users/phammanh/Projects/SelfProjects/EzForm/ez-form/packages/core/src/utilities/promise.ts": {"lines":{"total":21,"covered":21,"skipped":0,"pct":100},"functions":{"total":1,"covered":1,"skipped":0,"pct":100},"statements":{"total":21,"covered":21,"skipped":0,"pct":100},"branches":{"total":4,"covered":4,"skipped":0,"pct":100}}
,"/Users/phammanh/Projects/SelfProjects/EzForm/ez-form/packages/core/src/validation/ValidationSchema.ts": {"lines":{"total":62,"covered":61,"skipped":0,"pct":98.38},"functions":{"total":8,"covered":6,"skipped":0,"pct":75},"statements":{"total":62,"covered":61,"skipped":0,"pct":98.38},"branches":{"total":9,"covered":9,"skipped":0,"pct":100}}
,"/Users/phammanh/Projects/SelfProjects/EzForm/ez-form/packages/core/src/validation/asyncValidator.ts": {"lines":{"total":163,"covered":131,"skipped":0,"pct":80.36},"functions":{"total":8,"covered":6,"skipped":0,"pct":75},"statements":{"total":163,"covered":131,"skipped":0,"pct":80.36},"branches":{"total":20,"covered":14,"skipped":0,"pct":70}}
,"/Users/phammanh/Projects/SelfProjects/EzForm/ez-form/packages/core/src/validation/index.ts": {"lines":{"total":9,"covered":9,"skipped":0,"pct":100},"functions":{"total":0,"covered":0,"skipped":0,"pct":100},"statements":{"total":9,"covered":9,"skipped":0,"pct":100},"branches":{"total":2,"covered":2,"skipped":0,"pct":100}}
,"/Users/phammanh/Projects/SelfProjects/EzForm/ez-form/packages/core/src/validation/utilities.ts": {"lines":{"total":87,"covered":64,"skipped":0,"pct":73.56},"functions":{"total":7,"covered":7,"skipped":0,"pct":100},"statements":{"total":87,"covered":64,"skipped":0,"pct":73.56},"branches":{"total":19,"covered":16,"skipped":0,"pct":84.21}}
,"/Users/phammanh/Projects/SelfProjects/EzForm/ez-form/packages/core/src/validation/yup.ts": {"lines":{"total":145,"covered":136,"skipped":0,"pct":93.79},"functions":{"total":7,"covered":6,"skipped":0,"pct":85.71},"statements":{"total":145,"covered":136,"skipped":0,"pct":93.79},"branches":{"total":17,"covered":11,"skipped":0,"pct":64.7}}
,"/Users/phammanh/Projects/SelfProjects/EzForm/ez-form/packages/core/src/validation/zod.ts": {"lines":{"total":155,"covered":145,"skipped":0,"pct":93.54},"functions":{"total":7,"covered":6,"skipped":0,"pct":85.71},"statements":{"total":155,"covered":145,"skipped":0,"pct":93.54},"branches":{"total":21,"covered":14,"skipped":0,"pct":66.66}}
,"/Users/phammanh/Projects/SelfProjects/EzForm/ez-form/packages/react-form/src/index.ts": {"lines":{"total":33,"covered":33,"skipped":0,"pct":100},"functions":{"total":0,"covered":0,"skipped":0,"pct":100},"statements":{"total":33,"covered":33,"skipped":0,"pct":100},"branches":{"total":2,"covered":2,"skipped":0,"pct":100}}
,"/Users/phammanh/Projects/SelfProjects/EzForm/ez-form/packages/react-form/src/utilities.ts": {"lines":{"total":21,"covered":13,"skipped":0,"pct":61.9},"functions":{"total":2,"covered":2,"skipped":0,"pct":100},"statements":{"total":21,"covered":13,"skipped":0,"pct":61.9},"branches":{"total":4,"covered":4,"skipped":0,"pct":100}}
,"/Users/phammanh/Projects/SelfProjects/EzForm/ez-form/packages/react-form/src/components/BindingFieldInput.tsx": {"lines":{"total":59,"covered":59,"skipped":0,"pct":100},"functions":{"total":1,"covered":1,"skipped":0,"pct":100},"statements":{"total":59,"covered":59,"skipped":0,"pct":100},"branches":{"total":5,"covered":4,"skipped":0,"pct":80}}
,"/Users/phammanh/Projects/SelfProjects/EzForm/ez-form/packages/react-form/src/components/Field.tsx": {"lines":{"total":56,"covered":56,"skipped":0,"pct":100},"functions":{"total":1,"covered":1,"skipped":0,"pct":100},"statements":{"total":56,"covered":56,"skipped":0,"pct":100},"branches":{"total":4,"covered":3,"skipped":0,"pct":75}}
,"/Users/phammanh/Projects/SelfProjects/EzForm/ez-form/packages/react-form/src/components/FieldArray.tsx": {"lines":{"total":71,"covered":71,"skipped":0,"pct":100},"functions":{"total":1,"covered":1,"skipped":0,"pct":100},"statements":{"total":71,"covered":71,"skipped":0,"pct":100},"branches":{"total":5,"covered":4,"skipped":0,"pct":80}}
,"/Users/phammanh/Projects/SelfProjects/EzForm/ez-form/packages/react-form/src/components/FieldErrors.tsx": {"lines":{"total":13,"covered":13,"skipped":0,"pct":100},"functions":{"total":0,"covered":0,"skipped":0,"pct":100},"statements":{"total":13,"covered":13,"skipped":0,"pct":100},"branches":{"total":2,"covered":2,"skipped":0,"pct":100}}
,"/Users/phammanh/Projects/SelfProjects/EzForm/ez-form/packages/react-form/src/components/Form.tsx": {"lines":{"total":30,"covered":30,"skipped":0,"pct":100},"functions":{"total":1,"covered":1,"skipped":0,"pct":100},"statements":{"total":30,"covered":30,"skipped":0,"pct":100},"branches":{"total":3,"covered":3,"skipped":0,"pct":100}}
,"/Users/phammanh/Projects/SelfProjects/EzForm/ez-form/packages/react-form/src/components/Observe.tsx": {"lines":{"total":73,"covered":73,"skipped":0,"pct":100},"functions":{"total":2,"covered":2,"skipped":0,"pct":100},"statements":{"total":73,"covered":73,"skipped":0,"pct":100},"branches":{"total":5,"covered":4,"skipped":0,"pct":80}}
,"/Users/phammanh/Projects/SelfProjects/EzForm/ez-form/packages/react-form/src/contexts/fieldArrayContext.ts": {"lines":{"total":15,"covered":15,"skipped":0,"pct":100},"functions":{"total":0,"covered":0,"skipped":0,"pct":100},"statements":{"total":15,"covered":15,"skipped":0,"pct":100},"branches":{"total":2,"covered":2,"skipped":0,"pct":100}}
,"/Users/phammanh/Projects/SelfProjects/EzForm/ez-form/packages/react-form/src/contexts/fieldContext.ts": {"lines":{"total":10,"covered":10,"skipped":0,"pct":100},"functions":{"total":0,"covered":0,"skipped":0,"pct":100},"statements":{"total":10,"covered":10,"skipped":0,"pct":100},"branches":{"total":2,"covered":2,"skipped":0,"pct":100}}
,"/Users/phammanh/Projects/SelfProjects/EzForm/ez-form/packages/react-form/src/contexts/formContext.ts": {"lines":{"total":10,"covered":10,"skipped":0,"pct":100},"functions":{"total":0,"covered":0,"skipped":0,"pct":100},"statements":{"total":10,"covered":10,"skipped":0,"pct":100},"branches":{"total":2,"covered":2,"skipped":0,"pct":100}}
,"/Users/phammanh/Projects/SelfProjects/EzForm/ez-form/packages/react-form/src/hooks/useField.tsx": {"lines":{"total":138,"covered":109,"skipped":0,"pct":78.98},"functions":{"total":7,"covered":4,"skipped":0,"pct":57.14},"statements":{"total":138,"covered":109,"skipped":0,"pct":78.98},"branches":{"total":16,"covered":15,"skipped":0,"pct":93.75}}
,"/Users/phammanh/Projects/SelfProjects/EzForm/ez-form/packages/react-form/src/hooks/useFieldArray.tsx": {"lines":{"total":113,"covered":92,"skipped":0,"pct":81.41},"functions":{"total":6,"covered":4,"skipped":0,"pct":66.66},"statements":{"total":113,"covered":92,"skipped":0,"pct":81.41},"branches":{"total":11,"covered":10,"skipped":0,"pct":90.9}}
,"/Users/phammanh/Projects/SelfProjects/EzForm/ez-form/packages/react-form/src/hooks/useFieldArrayContext.ts": {"lines":{"total":18,"covered":0,"skipped":0,"pct":0},"functions":{"total":1,"covered":0,"skipped":0,"pct":0},"statements":{"total":18,"covered":0,"skipped":0,"pct":0},"branches":{"total":1,"covered":0,"skipped":0,"pct":0}}
,"/Users/phammanh/Projects/SelfProjects/EzForm/ez-form/packages/react-form/src/hooks/useFieldContext.ts": {"lines":{"total":16,"covered":16,"skipped":0,"pct":100},"functions":{"total":0,"covered":0,"skipped":0,"pct":100},"statements":{"total":16,"covered":16,"skipped":0,"pct":100},"branches":{"total":2,"covered":2,"skipped":0,"pct":100}}
,"/Users/phammanh/Projects/SelfProjects/EzForm/ez-form/packages/react-form/src/hooks/useForm.tsx": {"lines":{"total":126,"covered":118,"skipped":0,"pct":93.65},"functions":{"total":6,"covered":4,"skipped":0,"pct":66.66},"statements":{"total":126,"covered":118,"skipped":0,"pct":93.65},"branches":{"total":11,"covered":10,"skipped":0,"pct":90.9}}
,"/Users/phammanh/Projects/SelfProjects/EzForm/ez-form/packages/react-form/src/hooks/useFormContext.ts": {"lines":{"total":15,"covered":15,"skipped":0,"pct":100},"functions":{"total":0,"covered":0,"skipped":0,"pct":100},"statements":{"total":15,"covered":15,"skipped":0,"pct":100},"branches":{"total":2,"covered":2,"skipped":0,"pct":100}}
,"/Users/phammanh/Projects/SelfProjects/EzForm/ez-form/packages/react-form/src/hooks/useInstance.ts": {"lines":{"total":52,"covered":51,"skipped":0,"pct":98.07},"functions":{"total":3,"covered":3,"skipped":0,"pct":100},"statements":{"total":52,"covered":51,"skipped":0,"pct":98.07},"branches":{"total":8,"covered":8,"skipped":0,"pct":100}}
,"/Users/phammanh/Projects/SelfProjects/EzForm/ez-form/packages/react-form/src/hooks/useValue.ts": {"lines":{"total":130,"covered":119,"skipped":0,"pct":91.53},"functions":{"total":9,"covered":5,"skipped":0,"pct":55.55},"statements":{"total":130,"covered":119,"skipped":0,"pct":91.53},"branches":{"total":19,"covered":15,"skipped":0,"pct":78.94}}
,"/Users/phammanh/Projects/SelfProjects/EzForm/ez-form/packages/solid-form/src/index.ts": {"lines":{"total":33,"covered":33,"skipped":0,"pct":100},"functions":{"total":0,"covered":0,"skipped":0,"pct":100},"statements":{"total":33,"covered":33,"skipped":0,"pct":100},"branches":{"total":2,"covered":2,"skipped":0,"pct":100}}
,"/Users/phammanh/Projects/SelfProjects/EzForm/ez-form/packages/solid-form/src/utilities.ts": {"lines":{"total":18,"covered":12,"skipped":0,"pct":66.66},"functions":{"total":1,"covered":1,"skipped":0,"pct":100},"statements":{"total":18,"covered":12,"skipped":0,"pct":66.66},"branches":{"total":3,"covered":3,"skipped":0,"pct":100}}
,"/Users/phammanh/Projects/SelfProjects/EzForm/ez-form/packages/solid-form/src/components/Field.tsx": {"lines":{"total":58,"covered":58,"skipped":0,"pct":100},"functions":{"total":0,"covered":0,"skipped":0,"pct":100},"statements":{"total":58,"covered":58,"skipped":0,"pct":100},"branches":{"total":2,"covered":2,"skipped":0,"pct":100}}
,"/Users/phammanh/Projects/SelfProjects/EzForm/ez-form/packages/solid-form/src/components/FieldArray.tsx": {"lines":{"total":68,"covered":68,"skipped":0,"pct":100},"functions":{"total":1,"covered":1,"skipped":0,"pct":100},"statements":{"total":68,"covered":68,"skipped":0,"pct":100},"branches":{"total":3,"covered":3,"skipped":0,"pct":100}}
,"/Users/phammanh/Projects/SelfProjects/EzForm/ez-form/packages/solid-form/src/components/FieldErrors.tsx": {"lines":{"total":18,"covered":18,"skipped":0,"pct":100},"functions":{"total":0,"covered":0,"skipped":0,"pct":100},"statements":{"total":18,"covered":18,"skipped":0,"pct":100},"branches":{"total":2,"covered":2,"skipped":0,"pct":100}}
,"/Users/phammanh/Projects/SelfProjects/EzForm/ez-form/packages/solid-form/src/components/Form.tsx": {"lines":{"total":31,"covered":31,"skipped":0,"pct":100},"functions":{"total":0,"covered":0,"skipped":0,"pct":100},"statements":{"total":31,"covered":31,"skipped":0,"pct":100},"branches":{"total":2,"covered":2,"skipped":0,"pct":100}}
,"/Users/phammanh/Projects/SelfProjects/EzForm/ez-form/packages/solid-form/src/components/Observe.tsx": {"lines":{"total":69,"covered":69,"skipped":0,"pct":100},"functions":{"total":1,"covered":1,"skipped":0,"pct":100},"statements":{"total":69,"covered":69,"skipped":0,"pct":100},"branches":{"total":3,"covered":3,"skipped":0,"pct":100}}
,"/Users/phammanh/Projects/SelfProjects/EzForm/ez-form/packages/solid-form/src/contexts/fieldArrayContext.ts": {"lines":{"total":12,"covered":0,"skipped":0,"pct":0},"functions":{"total":1,"covered":0,"skipped":0,"pct":0},"statements":{"total":12,"covered":0,"skipped":0,"pct":0},"branches":{"total":1,"covered":0,"skipped":0,"pct":0}}
,"/Users/phammanh/Projects/SelfProjects/EzForm/ez-form/packages/solid-form/src/contexts/fieldContext.ts": {"lines":{"total":10,"covered":10,"skipped":0,"pct":100},"functions":{"total":0,"covered":0,"skipped":0,"pct":100},"statements":{"total":10,"covered":10,"skipped":0,"pct":100},"branches":{"total":2,"covered":2,"skipped":0,"pct":100}}
,"/Users/phammanh/Projects/SelfProjects/EzForm/ez-form/packages/solid-form/src/contexts/formContext.ts": {"lines":{"total":10,"covered":10,"skipped":0,"pct":100},"functions":{"total":0,"covered":0,"skipped":0,"pct":100},"statements":{"total":10,"covered":10,"skipped":0,"pct":100},"branches":{"total":2,"covered":2,"skipped":0,"pct":100}}
,"/Users/phammanh/Projects/SelfProjects/EzForm/ez-form/packages/solid-form/src/hooks/useField.tsx": {"lines":{"total":144,"covered":120,"skipped":0,"pct":83.33},"functions":{"total":8,"covered":5,"skipped":0,"pct":62.5},"statements":{"total":144,"covered":120,"skipped":0,"pct":83.33},"branches":{"total":15,"covered":15,"skipped":0,"pct":100}}
,"/Users/phammanh/Projects/SelfProjects/EzForm/ez-form/packages/solid-form/src/hooks/useFieldArray.tsx": {"lines":{"total":119,"covered":105,"skipped":0,"pct":88.23},"functions":{"total":8,"covered":6,"skipped":0,"pct":75},"statements":{"total":119,"covered":105,"skipped":0,"pct":88.23},"branches":{"total":12,"covered":11,"skipped":0,"pct":91.66}}
,"/Users/phammanh/Projects/SelfProjects/EzForm/ez-form/packages/solid-form/src/hooks/useFieldArrayContext.ts": {"lines":{"total":18,"covered":0,"skipped":0,"pct":0},"functions":{"total":1,"covered":0,"skipped":0,"pct":0},"statements":{"total":18,"covered":0,"skipped":0,"pct":0},"branches":{"total":1,"covered":0,"skipped":0,"pct":0}}
,"/Users/phammanh/Projects/SelfProjects/EzForm/ez-form/packages/solid-form/src/hooks/useFieldContext.ts": {"lines":{"total":16,"covered":16,"skipped":0,"pct":100},"functions":{"total":0,"covered":0,"skipped":0,"pct":100},"statements":{"total":16,"covered":16,"skipped":0,"pct":100},"branches":{"total":2,"covered":2,"skipped":0,"pct":100}}
,"/Users/phammanh/Projects/SelfProjects/EzForm/ez-form/packages/solid-form/src/hooks/useForm.tsx": {"lines":{"total":143,"covered":141,"skipped":0,"pct":98.6},"functions":{"total":7,"covered":6,"skipped":0,"pct":85.71},"statements":{"total":143,"covered":141,"skipped":0,"pct":98.6},"branches":{"total":11,"covered":11,"skipped":0,"pct":100}}
,"/Users/phammanh/Projects/SelfProjects/EzForm/ez-form/packages/solid-form/src/hooks/useFormContext.ts": {"lines":{"total":13,"covered":13,"skipped":0,"pct":100},"functions":{"total":0,"covered":0,"skipped":0,"pct":100},"statements":{"total":13,"covered":13,"skipped":0,"pct":100},"branches":{"total":2,"covered":2,"skipped":0,"pct":100}}
,"/Users/phammanh/Projects/SelfProjects/EzForm/ez-form/packages/solid-form/src/hooks/useInstance.ts": {"lines":{"total":50,"covered":50,"skipped":0,"pct":100},"functions":{"total":3,"covered":3,"skipped":0,"pct":100},"statements":{"total":50,"covered":50,"skipped":0,"pct":100},"branches":{"total":6,"covered":6,"skipped":0,"pct":100}}
,"/Users/phammanh/Projects/SelfProjects/EzForm/ez-form/packages/solid-form/src/hooks/useValue.ts": {"lines":{"total":101,"covered":101,"skipped":0,"pct":100},"functions":{"total":13,"covered":11,"skipped":0,"pct":84.61},"statements":{"total":101,"covered":101,"skipped":0,"pct":100},"branches":{"total":29,"covered":25,"skipped":0,"pct":86.2}}
,"/Users/phammanh/Projects/SelfProjects/EzForm/ez-form/packages/vanilla-form/src/index.ts": {"lines":{"total":342,"covered":0,"skipped":0,"pct":0},"functions":{"total":1,"covered":0,"skipped":0,"pct":0},"statements":{"total":342,"covered":0,"skipped":0,"pct":0},"branches":{"total":1,"covered":0,"skipped":0,"pct":0}}
,"/Users/phammanh/Projects/SelfProjects/EzForm/ez-form/packages/vanilla-form/src/utilities/array.ts": {"lines":{"total":3,"covered":0,"skipped":0,"pct":0},"functions":{"total":1,"covered":0,"skipped":0,"pct":0},"statements":{"total":3,"covered":0,"skipped":0,"pct":0},"branches":{"total":1,"covered":0,"skipped":0,"pct":0}}
,"/Users/phammanh/Projects/SelfProjects/EzForm/ez-form/packages/vue-form/src/index.ts": {"lines":{"total":46,"covered":46,"skipped":0,"pct":100},"functions":{"total":0,"covered":0,"skipped":0,"pct":100},"statements":{"total":46,"covered":46,"skipped":0,"pct":100},"branches":{"total":2,"covered":2,"skipped":0,"pct":100}}
,"/Users/phammanh/Projects/SelfProjects/EzForm/ez-form/packages/vue-form/src/types.ts": {"lines":{"total":19,"covered":0,"skipped":0,"pct":0},"functions":{"total":1,"covered":0,"skipped":0,"pct":0},"statements":{"total":19,"covered":0,"skipped":0,"pct":0},"branches":{"total":1,"covered":0,"skipped":0,"pct":0}}
,"/Users/phammanh/Projects/SelfProjects/EzForm/ez-form/packages/vue-form/src/components/BindingFieldInput.ts": {"lines":{"total":100,"covered":82,"skipped":0,"pct":82},"functions":{"total":4,"covered":4,"skipped":0,"pct":100},"statements":{"total":100,"covered":82,"skipped":0,"pct":82},"branches":{"total":13,"covered":8,"skipped":0,"pct":61.53}}
,"/Users/phammanh/Projects/SelfProjects/EzForm/ez-form/packages/vue-form/src/components/Field.ts": {"lines":{"total":62,"covered":62,"skipped":0,"pct":100},"functions":{"total":1,"covered":1,"skipped":0,"pct":100},"statements":{"total":62,"covered":62,"skipped":0,"pct":100},"branches":{"total":4,"covered":4,"skipped":0,"pct":100}}
,"/Users/phammanh/Projects/SelfProjects/EzForm/ez-form/packages/vue-form/src/components/FieldArray.ts": {"lines":{"total":58,"covered":50,"skipped":0,"pct":86.2},"functions":{"total":1,"covered":0,"skipped":0,"pct":0},"statements":{"total":58,"covered":50,"skipped":0,"pct":86.2},"branches":{"total":2,"covered":2,"skipped":0,"pct":100}}
,"/Users/phammanh/Projects/SelfProjects/EzForm/ez-form/packages/vue-form/src/components/FieldErrors.ts": {"lines":{"total":23,"covered":23,"skipped":0,"pct":100},"functions":{"total":1,"covered":1,"skipped":0,"pct":100},"statements":{"total":23,"covered":23,"skipped":0,"pct":100},"branches":{"total":3,"covered":3,"skipped":0,"pct":100}}
,"/Users/phammanh/Projects/SelfProjects/EzForm/ez-form/packages/vue-form/src/components/Form.ts": {"lines":{"total":34,"covered":34,"skipped":0,"pct":100},"functions":{"total":1,"covered":1,"skipped":0,"pct":100},"statements":{"total":34,"covered":34,"skipped":0,"pct":100},"branches":{"total":4,"covered":4,"skipped":0,"pct":100}}
,"/Users/phammanh/Projects/SelfProjects/EzForm/ez-form/packages/vue-form/src/components/Observe.ts": {"lines":{"total":47,"covered":47,"skipped":0,"pct":100},"functions":{"total":1,"covered":1,"skipped":0,"pct":100},"statements":{"total":47,"covered":47,"skipped":0,"pct":100},"branches":{"total":4,"covered":4,"skipped":0,"pct":100}}
,"/Users/phammanh/Projects/SelfProjects/EzForm/ez-form/packages/vue-form/src/components/ObserveField.ts": {"lines":{"total":68,"covered":68,"skipped":0,"pct":100},"functions":{"total":1,"covered":1,"skipped":0,"pct":100},"statements":{"total":68,"covered":68,"skipped":0,"pct":100},"branches":{"total":4,"covered":4,"skipped":0,"pct":100}}
,"/Users/phammanh/Projects/SelfProjects/EzForm/ez-form/packages/vue-form/src/composables/useField.ts": {"lines":{"total":188,"covered":152,"skipped":0,"pct":80.85},"functions":{"total":13,"covered":8,"skipped":0,"pct":61.53},"statements":{"total":188,"covered":152,"skipped":0,"pct":80.85},"branches":{"total":19,"covered":18,"skipped":0,"pct":94.73}}
,"/Users/phammanh/Projects/SelfProjects/EzForm/ez-form/packages/vue-form/src/composables/useFieldArray.ts": {"lines":{"total":149,"covered":128,"skipped":0,"pct":85.9},"functions":{"total":10,"covered":4,"skipped":0,"pct":40},"statements":{"total":149,"covered":128,"skipped":0,"pct":85.9},"branches":{"total":10,"covered":9,"skipped":0,"pct":90}}
,"/Users/phammanh/Projects/SelfProjects/EzForm/ez-form/packages/vue-form/src/composables/useForm.ts": {"lines":{"total":135,"covered":113,"skipped":0,"pct":83.7},"functions":{"total":8,"covered":7,"skipped":0,"pct":87.5},"statements":{"total":135,"covered":113,"skipped":0,"pct":83.7},"branches":{"total":12,"covered":12,"skipped":0,"pct":100}}
,"/Users/phammanh/Projects/SelfProjects/EzForm/ez-form/packages/vue-form/src/composables/useInstance.ts": {"lines":{"total":54,"covered":54,"skipped":0,"pct":100},"functions":{"total":3,"covered":3,"skipped":0,"pct":100},"statements":{"total":54,"covered":54,"skipped":0,"pct":100},"branches":{"total":7,"covered":7,"skipped":0,"pct":100}}
,"/Users/phammanh/Projects/SelfProjects/EzForm/ez-form/packages/vue-form/src/composables/useValue.ts": {"lines":{"total":104,"covered":102,"skipped":0,"pct":98.07},"functions":{"total":15,"covered":13,"skipped":0,"pct":86.66},"statements":{"total":104,"covered":102,"skipped":0,"pct":98.07},"branches":{"total":29,"covered":24,"skipped":0,"pct":82.75}}
,"/Users/phammanh/Projects/SelfProjects/EzForm/ez-form/packages/vue-form/src/provides/field.ts": {"lines":{"total":27,"covered":22,"skipped":0,"pct":81.48},"functions":{"total":2,"covered":1,"skipped":0,"pct":50},"statements":{"total":27,"covered":22,"skipped":0,"pct":81.48},"branches":{"total":5,"covered":3,"skipped":0,"pct":60}}
,"/Users/phammanh/Projects/SelfProjects/EzForm/ez-form/packages/vue-form/src/provides/fieldArray.ts": {"lines":{"total":37,"covered":25,"skipped":0,"pct":67.56},"functions":{"total":2,"covered":0,"skipped":0,"pct":0},"statements":{"total":37,"covered":25,"skipped":0,"pct":67.56},"branches":{"total":2,"covered":2,"skipped":0,"pct":100}}
,"/Users/phammanh/Projects/SelfProjects/EzForm/ez-form/packages/vue-form/src/provides/form.ts": {"lines":{"total":27,"covered":23,"skipped":0,"pct":85.18},"functions":{"total":2,"covered":1,"skipped":0,"pct":50},"statements":{"total":27,"covered":23,"skipped":0,"pct":85.18},"branches":{"total":5,"covered":3,"skipped":0,"pct":60}}
,"/Users/phammanh/Projects/SelfProjects/EzForm/ez-form/packages/vue-form/src/utilities/event.ts": {"lines":{"total":9,"covered":9,"skipped":0,"pct":100},"functions":{"total":1,"covered":1,"skipped":0,"pct":100},"statements":{"total":9,"covered":9,"skipped":0,"pct":100},"branches":{"total":3,"covered":3,"skipped":0,"pct":100}}
,"/Users/phammanh/Projects/SelfProjects/EzForm/ez-form/packages/vue-form/src/utilities/field.ts": {"lines":{"total":129,"covered":86,"skipped":0,"pct":66.66},"functions":{"total":4,"covered":2,"skipped":0,"pct":50},"statements":{"total":129,"covered":86,"skipped":0,"pct":66.66},"branches":{"total":4,"covered":4,"skipped":0,"pct":100}}
,"/Users/phammanh/Projects/SelfProjects/EzForm/ez-form/packages/vue-form/src/utilities/form.ts": {"lines":{"total":84,"covered":66,"skipped":0,"pct":78.57},"functions":{"total":3,"covered":2,"skipped":0,"pct":66.66},"statements":{"total":84,"covered":66,"skipped":0,"pct":78.57},"branches":{"total":4,"covered":4,"skipped":0,"pct":100}}
,"/Users/phammanh/Projects/SelfProjects/EzForm/ez-form/packages/vue-form/src/utilities/index.ts": {"lines":{"total":1,"covered":0,"skipped":0,"pct":0},"functions":{"total":1,"covered":0,"skipped":0,"pct":0},"statements":{"total":1,"covered":0,"skipped":0,"pct":0},"branches":{"total":1,"covered":0,"skipped":0,"pct":0}}
,"/Users/phammanh/Projects/SelfProjects/EzForm/ez-form/packages/vue-form/src/utilities/object.ts": {"lines":{"total":14,"covered":14,"skipped":0,"pct":100},"functions":{"total":1,"covered":1,"skipped":0,"pct":100},"statements":{"total":14,"covered":14,"skipped":0,"pct":100},"branches":{"total":4,"covered":4,"skipped":0,"pct":100}}
}
